12.06.2021 3:31:52 - Microsoft VSIX Installer
12.06.2021 3:31:52 - -------------------------------------------
12.06.2021 3:31:52 - vsixinstaller.exe version:
12.06.2021 3:31:52 - 16.10.1053
12.06.2021 3:31:52 - -------------------------------------------
12.06.2021 3:31:52 - Command line parameters:
12.06.2021 3:31:52 - C:\Program Files (x86)\Microsoft Visual Studio\Installer\resources\app\ServiceHub\Services\Microsoft.VisualStudio.Setup.Service\vsixinstaller.exe,/appidinstallpath:C:\Program Files (x86)\Microsoft Visual Studio\2019\Community\Common7\IDE\devenv.exe,/skuName:Community,/skuVersion:16.10.31402.337,/appidname:Microsoft Visual Studio Community 2019,/culture:cs-CZ,/noep,C:\Users\userl\AppData\Local\Temp\VSIXbxkfkqd0.vsix
12.06.2021 3:31:52 - -------------------------------------------
12.06.2021 3:31:52 - VSIXInstaller.InvalidCommandLineException: 
Cesta k souboru vsix C:\Users\userl\AppData\Local\Temp\VSIXbxkfkqd0.vsix je neplatná nebo nemáte požadovaná přístupová oprávnění. Ověřte, zda je cesta platná a zda máte požadovaná přístupová oprávnění.


Použití: VSIXInstaller.exe [/quiet] [/norepair] [/admin] [/prerequisitesRequired] [/force] [/instanceIds:ID_instancí] [/appIdInstallPath:cesta k nainstalované SKU] [/appIdName:název cílové instalace] [/skuName:název /skuVersion:verze] [/logFile:název_souboru] </uninstall:IDvsix | /downgrade:IDvsix | cesta_vsix>

    - PARAMETRY -

/quiet
Potlačí uživatelské rozhraní. Zkrácený zápis je /q.

/norepair
Zakáže podporu opravy instalačního programu VSIX, a pokud je dané rozšíření už nainstalované, způsobí selhání instalačního programu VSIX. Zkrácený zápis je /nr.

/admin
Rozšíření se nainstaluje na umístění rozšíření pro správu. Zkrácený zápis je /a.

/prerequisitesRequired
Nainstaluje rozšíření jenom do instancí, které splňují VŠECHNY požadavky. Zkrácený zápis je /p.

/force
Umožňuje přepsání souborů. K dispozici je jenom pro instalaci rozšíření pro jednotlivé počítače. Zkrácený zápis je /f.

/shutdownprocesses
Vynutí ukončení blokujících procesů, když je potlačené uživatelské prostředí. Zkrácený zápis je /sp.

/noextensionpack
Zakáže rozbalování balíčku rozšíření. Zkrácený zápis je /noep.

/appIdInstallPath:<cesta k nainstalované SKU>
Instalační cesta ke skladové jednotce SKU (produktu), která je cílem instalace. Pokud je zadaná tato možnost, je nutné také zadat
/appName, /skuName a /skuVersion.

/appIdName:<název>
Název aplikace, pro kterou je určená instalace nebo odinstalace. Např. VS, Blend, atd...

/skuName:<název>
Název SKU, do které se nainstaluje nebo ze které se odinstaluje rozšíření. Musí se použít spolu s /skuVersion. Mezi platné hodnoty patří:
- Enterprise - (Visual Studio Enterprise Edition)
- Ultimate - (Visual Studio Ultimate Edition)
- Premium - (Visual Studio Premium Edition)
- Pro - (Visual Studio Professional Edition)
- Community - (Visual Studio Community Edition)
- IntegratedShell - (Visual Studio Shell – Integrovaný režim)
- VSWinExpress - (Visual Studio Express for Windows)
- VSWinDesktopExpress - (Visual Studio Express for Windows Desktop)
- VWDExpress - (Visual Studio Express for Web)
Zadat se dají i názvy izolovaného prostředí. Zkrácený zápis je /s.

/skuVersion:<verze>
Verze aplikace, do které se má nainstalovat nebo ze které se má odinstalovat rozšíření, ve tvaru hlavníVerze.podverze[.build[.revize]]. Musí se použít spolu s /skuName. Zkrácený zápis je /v.

/logFile:<název_souboru>
Určuje název souboru, který se použije k protokolování. Pokud už tento soubor existuje, připojí se nová data na jeho konec. Protokoly se vždy umístí do složky %TEMP%. Pokud se tato možnost nezadá nebo je neplatná, název souboru se vygeneruje. Zkrácené zápisy jsou /log a /l.

/uninstall:<IDvsix>
Odinstaluje rozšíření se zadaným identifikátorem. Pokud se nezadají možnosti /skuName a /skuVersion, rozšíření se odinstaluje ze všech produktů, které obsahují rozšíření s odpovídajícím identifikátorem. Zkrácený zápis je /u.

/instanceIds:<ID_instancí>
Čárkou oddělený seznam ID instancí, do kterých se nainstaluje nebo ze kterých se odinstaluje rozšíření a jeho závislosti. Pokud se nezadá žádné ID instance, rozšíření a jeho závislosti se nainstalují nebo odinstalují ze všech instancí.

/downgrade:<IDvsix>
Vrátí rozšíření v produktu s odpovídajícím identifikátorem na dříve nainstalovanou verzi. Zkrácený zápis je /d.

/rootSuffix:<kořenová přípona>
Kořenová přípona, která se použije s instalací, např. Exp (pro experimentální instanci cílové instalace).

/culture:<jazyková verze>
Řetězec, který určuje jazykovou verzi, ve které by měl instalační program VSIX běžet.

    - ARGUMENTY -

<cesta_vsix>
Cesta k platnému souboru .vsix. Tento argument není platný, pokud se zadá /uninstall.
   v VSIXInstaller.CommandLine.InstallerCommandLineHandler.HandleInvalidArg(String message)
   v VSIXInstaller.CommandLine.InstallerCommandLineHandler.HandleFile(String filePath)
   v VSIXInstaller.CommandLine.CommandLineHandler.ProcessArg(String arg)
   v VSIXInstaller.CommandLine.CommandLineHandler.ProcessArgs(IEnumerable`1 rawArgs)
   v VSIXInstaller.CommandLineParser.ProcessCommandLine(String[] commandLineArgs, IServiceProvider serviceProvider)
   v VSIXInstaller.App.OnStartup(StartupEventArgs e)
--- Konec trasování zásobníku z předchozího místa, ze kterého byla vyvolána výjimka ---
   v Microsoft.VisualStudio.Telemetry.WindowsErrorReporting.WatsonReport.GetClrWatsonExceptionInfo(Exception exceptionObject)
